test_1.4.obj : error LNK2019: 无法解析的外部符号 _min，函数 _main 中引用了该符号
C:\我的初学代码\my-c\test_1.4\Debug\test_1.4.exe : fatal error LNK1120: 1 个无法解析的外部命令
